2026-01-10 16:52:41,672 - INFO - Using device: cuda
2026-01-10 16:52:41,673 - INFO - Initializing model...
2026-01-10 16:52:58,056 - INFO - Total parameters: 634,221,118
2026-01-10 16:52:58,056 - INFO - Trainable parameters: 206,604,605
2026-01-10 16:52:58,057 - INFO - Loading datasets...
2026-01-10 16:52:58,331 - INFO - Loaded 6000 images for train split
2026-01-10 16:52:58,398 - INFO - Loaded 1000 images for val split
2026-01-10 16:52:58,399 - INFO - Train samples: 6000
2026-01-10 16:52:58,399 - INFO - Val samples: 1000
2026-01-10 16:52:58,401 - INFO - Starting training...
2026-01-10 16:52:58,401 - INFO - 
============================================================
2026-01-10 16:52:58,402 - INFO - Epoch 1/20
2026-01-10 16:52:58,402 - INFO - ============================================================
2026-01-10 16:55:50,796 - INFO - Using device: cuda
2026-01-10 16:55:50,796 - INFO - Initializing model...
2026-01-10 16:56:06,916 - INFO - Total parameters: 634,221,118
2026-01-10 16:56:06,917 - INFO - Trainable parameters: 206,604,605
2026-01-10 16:56:06,917 - INFO - Loading datasets...
2026-01-10 16:56:07,080 - INFO - Loaded 6000 images for train split
2026-01-10 16:56:07,129 - INFO - Loaded 1000 images for val split
2026-01-10 16:56:07,129 - INFO - Train samples: 6000
2026-01-10 16:56:07,129 - INFO - Val samples: 1000
2026-01-10 16:56:07,131 - INFO - Starting training...
2026-01-10 16:56:07,131 - INFO - 
============================================================
2026-01-10 16:56:07,131 - INFO - Epoch 1/20
2026-01-10 16:56:07,131 - INFO - ============================================================
2026-01-10 17:48:21,990 - INFO - Using device: cuda
2026-01-10 17:48:21,990 - INFO - Initializing model...
2026-01-10 17:48:32,207 - INFO - Total parameters: 634,221,118
2026-01-10 17:48:32,207 - INFO - Trainable parameters: 206,604,605
2026-01-10 17:48:32,207 - INFO - Loading datasets...
2026-01-10 17:48:33,877 - INFO - Loaded 6000 images for train split
2026-01-10 17:48:33,967 - INFO - Loaded 1000 images for val split
2026-01-10 17:48:33,967 - INFO - Train samples: 6000
2026-01-10 17:48:33,967 - INFO - Val samples: 1000
2026-01-10 17:48:33,969 - INFO - Starting training...
2026-01-10 17:48:33,969 - INFO - 
============================================================
2026-01-10 17:48:33,969 - INFO - Epoch 1/20
2026-01-10 17:48:33,969 - INFO - ============================================================
2026-01-10 17:52:50,471 - INFO - Using device: cuda
2026-01-10 17:52:50,471 - INFO - Initializing model...
2026-01-10 17:53:03,980 - INFO - Total parameters: 610,780,223
2026-01-10 17:53:03,980 - INFO - Trainable parameters: 183,163,710
2026-01-10 17:53:03,980 - INFO - Loading datasets...
2026-01-10 17:53:04,121 - INFO - Loaded 6000 images for train split
2026-01-10 17:53:04,177 - INFO - Loaded 1000 images for val split
2026-01-10 17:53:04,177 - INFO - Train samples: 6000
2026-01-10 17:53:04,178 - INFO - Val samples: 1000
2026-01-10 17:53:04,179 - INFO - Starting training...
2026-01-10 17:53:04,180 - INFO - 
============================================================
2026-01-10 17:53:04,180 - INFO - Epoch 1/20
2026-01-10 17:53:04,180 - INFO - ============================================================
2026-01-10 17:58:12,446 - INFO - Using device: cuda
2026-01-10 17:58:12,446 - INFO - Initializing model...
2026-01-10 17:58:23,980 - INFO - Total parameters: 610,780,223
2026-01-10 17:58:23,980 - INFO - Trainable parameters: 183,163,710
2026-01-10 17:58:23,981 - INFO - Loading datasets...
2026-01-10 17:58:24,134 - INFO - Loaded 6000 images for train split
2026-01-10 17:58:24,181 - INFO - Loaded 1000 images for val split
2026-01-10 18:04:06,405 - INFO - Using device: cuda
2026-01-10 18:04:06,405 - INFO - Initializing model...
2026-01-10 18:04:13,820 - INFO - Total parameters: 610,780,223
2026-01-10 18:04:13,821 - INFO - Trainable parameters: 183,163,710
2026-01-10 18:04:13,821 - INFO - Loading datasets...
2026-01-10 18:04:13,973 - INFO - Loaded 6000 images for train split
2026-01-10 18:04:14,019 - INFO - Loaded 1000 images for val split
2026-01-10 18:04:14,020 - INFO - Train samples: 6000
2026-01-10 18:04:14,020 - INFO - Val samples: 1000
2026-01-10 18:04:14,022 - INFO - Intialize/Test Validation...
2026-01-10 18:05:03,818 - INFO - Val - Loss: 13.2921, ITC: 2.1075, ITM: 0.6417, ITG: 10.5429
2026-01-10 18:05:03,818 - INFO - Starting training...
2026-01-10 18:05:03,818 - INFO - 
============================================================
2026-01-10 18:05:03,818 - INFO - Epoch 1/20
2026-01-10 18:05:03,818 - INFO - ============================================================
2026-01-10 18:13:35,450 - INFO - Train - Loss: 9.2919, ITC: 1.8591, ITM: 0.6437, ITG: 6.7891
2026-01-10 18:14:32,166 - INFO - Val - Loss: 7.2246, ITC: 1.2725, ITM: 0.6002, ITG: 5.3520
2026-01-10 18:14:45,528 - INFO - Saved checkpoint to checkpoints\best_model.pt
2026-01-10 18:14:59,963 - INFO - Saved checkpoint to checkpoints\checkpoint_epoch_1.pt
2026-01-10 18:14:59,964 - INFO - 
============================================================
2026-01-10 18:14:59,965 - INFO - Epoch 2/20
2026-01-10 18:14:59,965 - INFO - ============================================================
2026-01-10 18:24:30,171 - INFO - Train - Loss: 6.6195, ITC: 1.0857, ITM: 0.5003, ITG: 5.0335
2026-01-10 18:25:31,577 - INFO - Val - Loss: 6.3685, ITC: 1.0540, ITM: 0.4455, ITG: 4.8690
2026-01-10 18:25:43,872 - INFO - Saved checkpoint to checkpoints\best_model.pt
2026-01-10 18:25:58,569 - INFO - Saved checkpoint to checkpoints\checkpoint_epoch_2.pt
2026-01-10 18:25:58,571 - INFO - 
============================================================
2026-01-10 18:25:58,571 - INFO - Epoch 3/20
2026-01-10 18:25:58,571 - INFO - ============================================================
2026-01-10 18:35:58,790 - INFO - Train - Loss: 5.8703, ITC: 0.8253, ITM: 0.3808, ITG: 4.6641
2026-01-10 18:37:02,160 - INFO - Val - Loss: 5.6605, ITC: 0.7268, ITM: 0.3467, ITG: 4.5870
2026-01-10 18:37:14,275 - INFO - Saved checkpoint to checkpoints\best_model.pt
2026-01-10 18:37:31,093 - INFO - Saved checkpoint to checkpoints\checkpoint_epoch_3.pt
2026-01-10 18:37:31,095 - INFO - 
============================================================
2026-01-10 18:37:31,095 - INFO - Epoch 4/20
2026-01-10 18:37:31,095 - INFO - ============================================================
2026-01-10 18:46:47,282 - INFO - Train - Loss: 5.4536, ITC: 0.6737, ITM: 0.3368, ITG: 4.4431
2026-01-10 18:47:51,175 - INFO - Val - Loss: 5.4619, ITC: 0.6816, ITM: 0.3373, ITG: 4.4431
2026-01-10 18:48:03,408 - INFO - Saved checkpoint to checkpoints\best_model.pt
2026-01-10 18:48:17,929 - INFO - Saved checkpoint to checkpoints\checkpoint_epoch_4.pt
2026-01-10 18:48:17,931 - INFO - 
============================================================
2026-01-10 18:48:17,931 - INFO - Epoch 5/20
2026-01-10 18:48:17,932 - INFO - ============================================================
2026-01-10 18:57:27,784 - INFO - Train - Loss: 5.1037, ITC: 0.5450, ITM: 0.2945, ITG: 4.2642
2026-01-10 18:58:28,135 - INFO - Val - Loss: 5.1830, ITC: 0.5786, ITM: 0.2917, ITG: 4.3127
2026-01-10 18:58:40,225 - INFO - Saved checkpoint to checkpoints\best_model.pt
2026-01-10 18:58:55,651 - INFO - Saved checkpoint to checkpoints\checkpoint_epoch_5.pt
2026-01-10 18:58:55,653 - INFO - 
============================================================
2026-01-10 18:58:55,654 - INFO - Epoch 6/20
2026-01-10 18:58:55,654 - INFO - ============================================================
2026-01-10 19:08:11,497 - INFO - Train - Loss: 4.8399, ITC: 0.4360, ITM: 0.2624, ITG: 4.1415
2026-01-10 19:09:19,133 - INFO - Val - Loss: 5.0389, ITC: 0.5132, ITM: 0.2927, ITG: 4.2329
2026-01-10 19:09:32,042 - INFO - Saved checkpoint to checkpoints\best_model.pt
2026-01-10 19:09:46,581 - INFO - Saved checkpoint to checkpoints\checkpoint_epoch_6.pt
2026-01-10 19:09:46,582 - INFO - 
============================================================
2026-01-10 19:09:46,582 - INFO - Epoch 7/20
2026-01-10 19:09:46,583 - INFO - ============================================================
2026-01-10 19:19:06,156 - INFO - Train - Loss: 4.6248, ITC: 0.3589, ITM: 0.2300, ITG: 4.0359
2026-01-10 19:20:06,611 - INFO - Val - Loss: 4.9584, ITC: 0.4953, ITM: 0.2944, ITG: 4.1687
2026-01-10 19:20:18,981 - INFO - Saved checkpoint to checkpoints\best_model.pt
2026-01-10 19:20:34,536 - INFO - Saved checkpoint to checkpoints\checkpoint_epoch_7.pt
2026-01-10 19:20:34,537 - INFO - 
============================================================
2026-01-10 19:20:34,538 - INFO - Epoch 8/20
2026-01-10 19:20:34,538 - INFO - ============================================================
